<?xml version="1.0" encoding="UTF-8"?>
<testng-results ignored="0" total="1" passed="1" failed="0" skipped="0">
  <reporter-output>
  </reporter-output>
  <suite started-at="2024-05-18T17:29:29 IST" name="Suite" finished-at="2024-05-18T17:30:03 IST" duration-ms="33725">
    <groups>
    </groups>
    <test started-at="2024-05-18T17:29:29 IST" name="Test" finished-at="2024-05-18T17:30:03 IST" duration-ms="33725">
      <class name="com.itLearn.test.LoginTest">
        <test-method is-config="true" signature="setUp()[pri:0, instance:com.itLearn.test.LoginTest@4d1c005e]" started-at="2024-05-18T17:29:29 IST" name="setUp" finished-at="2024-05-18T17:29:48 IST" duration-ms="19505" status="PASS">
          <reporter-output>
          </reporter-output>
        </test-method> <!-- setUp -->
        <test-method signature="loginTest()[pri:0, instance:com.itLearn.test.LoginTest@4d1c005e]" started-at="2024-05-18T17:29:48 IST" name="loginTest" finished-at="2024-05-18T17:30:01 IST" duration-ms="12456" status="PASS">
          <reporter-output>
          </reporter-output>
        </test-method> <!-- loginTest -->
        <test-method is-config="true" signature="tearDown()[pri:0, instance:com.itLearn.test.LoginTest@4d1c005e]" started-at="2024-05-18T17:30:01 IST" name="tearDown" finished-at="2024-05-18T17:30:03 IST" duration-ms="1644" status="PASS">
          <reporter-output>
          </reporter-output>
        </test-method> <!-- tearDown -->
      </class> <!-- com.itLearn.test.LoginTest -->
    </test> <!-- Test -->
  </suite> <!-- Suite -->
</testng-results>
